# JRE version: Java(TM) SE Runtime Environment (8.0_144-b01) (build 1.8.0_144-b01)
# Java VM: Java HotSpot(TM) 64-Bit Server VM (25.144-b01 mixed mode bsd-amd64 compressed oops)
Heap:
 PSYoungGen      total 625664K, used 24836K [0x0000000795580000, 0x00000007bf900000, 0x00000007c0000000)
  eden space 569856K, 3% used [0x0000000795580000,0x0000000796722f98,0x00000007b8200000)
  from space 55808K, 12% used [0x00000007bc280000,0x00000007bc91e2f8,0x00000007bf900000)
  to   space 60928K, 0% used [0x00000007b8200000,0x00000007b8200000,0x00000007bbd80000)
 ParOldGen       total 154112K, used 58619K [0x0000000740000000, 0x0000000749680000, 0x0000000795580000)
  object space 154112K, 38% used [0x0000000740000000,0x000000074393ede0,0x0000000749680000)
 Metaspace       used 52863K, capacity 69816K, committed 70016K, reserved 1099776K
  class space    used 14004K, capacity 19751K, committed 19840K, reserved 1048576K
GC Heap History (10 events):
Event: 100.036 GC heap before
{Heap before GC invocations=24 (full 3):
 PSYoungGen      total 557568K, used 499477K [0x0000000795580000, 0x00000007bc680000, 0x00000007c0000000)
  eden space 495616K, 100% used [0x0000000795580000,0x00000007b3980000,0x00000007b3980000)
  from space 61952K, 6% used [0x00000007b8a00000,0x00000007b8dc5440,0x00000007bc680000)
  to   space 72192K, 0% used [0x00000007b3980000,0x00000007b3980000,0x00000007b8000000)
 ParOldGen       total 194048K, used 113744K [0x0000000740000000, 0x000000074bd80000, 0x0000000795580000)
  object space 194048K, 58% used [0x0000000740000000,0x0000000746f14210,0x000000074bd80000)
 Metaspace       used 42398K, capacity 52782K, committed 52992K, reserved 1087488K
  class space    used 10845K, capacity 14488K, committed 14592K, reserved 1048576K
Event: 100.044 GC heap after
Heap after GC invocations=24 (full 3):
 PSYoungGen      total 567808K, used 8112K [0x0000000795580000, 0x00000007c0000000, 0x00000007c0000000)
  eden space 495616K, 0% used [0x0000000795580000,0x0000000795580000,0x00000007b3980000)
  from space 72192K, 11% used [0x00000007b3980000,0x00000007b416c010,0x00000007b8000000)
  to   space 69632K, 0% used [0x00000007bbc00000,0x00000007bbc00000,0x00000007c0000000)
 ParOldGen       total 194048K, used 113752K [0x0000000740000000, 0x000000074bd80000, 0x0000000795580000)
  object space 194048K, 58% used [0x0000000740000000,0x0000000746f16210,0x000000074bd80000)
 Metaspace       used 42398K, capacity 52782K, committed 52992K, reserved 1087488K
  class space    used 10845K, capacity 14488K, committed 14592K, reserved 1048576K
}
Event: 101.660 GC heap before
{Heap before GC invocations=25 (full 3):
 PSYoungGen      total 567808K, used 503728K [0x0000000795580000, 0x00000007c0000000, 0x00000007c0000000)
  eden space 495616K, 100% used [0x0000000795580000,0x00000007b3980000,0x00000007b3980000)
  from space 72192K, 11% used [0x00000007b3980000,0x00000007b416c010,0x00000007b8000000)
  to   space 69632K, 0% used [0x00000007bbc00000,0x00000007bbc00000,0x00000007c0000000)
 ParOldGen       total 194048K, used 113752K [0x0000000740000000, 0x000000074bd80000, 0x0000000795580000)
  object space 194048K, 58% used [0x0000000740000000,0x0000000746f16210,0x000000074bd80000)
 Metaspace       used 46256K, capacity 58572K, committed 58668K, reserved 1091584K
  class space    used 11981K, capacity 16202K, committed 16256K, reserved 1048576K
Event: 101.670 GC heap after
Heap after GC invocations=25 (full 3):
 PSYoungGen      total 616960K, used 12484K [0x0000000795580000, 0x00000007bf680000, 0x00000007c0000000)
  eden space 557056K, 0% used [0x0000000795580000,0x0000000795580000,0x00000007b7580000)
  from space 59904K, 20% used [0x00000007bbc00000,0x00000007bc8311e8,0x00000007bf680000)
  to   space 66048K, 0% used [0x00000007b7580000,0x00000007b7580000,0x00000007bb600000)
 ParOldGen       total 194048K, used 113760K [0x0000000740000000, 0x000000074bd80000, 0x0000000795580000)
  object space 194048K, 58% used [0x0000000740000000,0x0000000746f18210,0x000000074bd80000)
 Metaspace       used 46256K, capacity 58572K, committed 58668K, reserved 1091584K
  class space    used 11981K, capacity 16202K, committed 16256K, reserved 1048576K
}
Event: 101.689 GC heap before
{Heap before GC invocations=26 (full 3):
 PSYoungGen      total 616960K, used 22046K [0x0000000795580000, 0x00000007bf680000, 0x00000007c0000000)
  eden space 557056K, 1% used [0x0000000795580000,0x0000000795ed6800,0x00000007b7580000)
  from space 59904K, 20% used [0x00000007bbc00000,0x00000007bc8311e8,0x00000007bf680000)
  to   space 66048K, 0% used [0x00000007b7580000,0x00000007b7580000,0x00000007bb600000)
 ParOldGen       total 194048K, used 113760K [0x0000000740000000, 0x000000074bd80000, 0x0000000795580000)
  object space 194048K, 58% used [0x0000000740000000,0x0000000746f18210,0x000000074bd80000)
 Metaspace       used 46288K, capacity 58622K, committed 58668K, reserved 1091584K
  class space    used 11986K, capacity 16212K, committed 16256K, reserved 1048576K
Event: 101.696 GC heap after
Heap after GC invocations=26 (full 3):
 PSYoungGen      total 623104K, used 12336K [0x0000000795580000, 0x00000007c0000000, 0x00000007c0000000)
  eden space 557056K, 0% used [0x0000000795580000,0x0000000795580000,0x00000007b7580000)
  from space 66048K, 18% used [0x00000007b7580000,0x00000007b818c010,0x00000007bb600000)
  to   space 62976K, 0% used [0x00000007bc280000,0x00000007bc280000,0x00000007c0000000)
 ParOldGen       total 194048K, used 113760K [0x0000000740000000, 0x000000074bd80000, 0x0000000795580000)
  object space 194048K, 58% used [0x0000000740000000,0x0000000746f18210,0x000000074bd80000)
 Metaspace       used 46288K, capacity 58622K, committed 58668K, reserved 1091584K
  class space    used 11986K, capacity 16212K, committed 16256K, reserved 1048576K
}
Event: 101.696 GC heap before
{Heap before GC invocations=27 (full 4):
 PSYoungGen      total 623104K, used 12336K [0x0000000795580000, 0x00000007c0000000, 0x00000007c0000000)
  eden space 557056K, 0% used [0x0000000795580000,0x0000000795580000,0x00000007b7580000)
  from space 66048K, 18% used [0x00000007b7580000,0x00000007b818c010,0x00000007bb600000)
  to   space 62976K, 0% used [0x00000007bc280000,0x00000007bc280000,0x00000007c0000000)
 ParOldGen       total 194048K, used 113760K [0x0000000740000000, 0x000000074bd80000, 0x0000000795580000)
  object space 194048K, 58% used [0x0000000740000000,0x0000000746f18210,0x000000074bd80000)
 Metaspace       used 46288K, capacity 58622K, committed 58668K, reserved 1091584K
  class space    used 11986K, capacity 16212K, committed 16256K, reserved 1048576K
Event: 101.806 GC heap after
Heap after GC invocations=27 (full 4):
 PSYoungGen      total 623104K, used 0K [0x0000000795580000, 0x00000007c0000000, 0x00000007c0000000)
  eden space 557056K, 0% used [0x0000000795580000,0x0000000795580000,0x00000007b7580000)
  from space 66048K, 0% used [0x00000007b7580000,0x00000007b7580000,0x00000007bb600000)
  to   space 62976K, 0% used [0x00000007bc280000,0x00000007bc280000,0x00000007c0000000)
 ParOldGen       total 154112K, used 58611K [0x0000000740000000, 0x0000000749680000, 0x0000000795580000)
  object space 154112K, 38% used [0x0000000740000000,0x000000074393cde0,0x0000000749680000)
 Metaspace       used 46288K, capacity 58622K, committed 58668K, reserved 1091584K
  class space    used 11986K, capacity 16212K, committed 16256K, reserved 1048576K
}
Event: 108.579 GC heap before
{Heap before GC invocations=28 (full 4):
 PSYoungGen      total 623104K, used 557056K [0x0000000795580000, 0x00000007c0000000, 0x00000007c0000000)
  eden space 557056K, 100% used [0x0000000795580000,0x00000007b7580000,0x00000007b7580000)
  from space 66048K, 0% used [0x00000007b7580000,0x00000007b7580000,0x00000007bb600000)
  to   space 62976K, 0% used [0x00000007bc280000,0x00000007bc280000,0x00000007c0000000)
 ParOldGen       total 154112K, used 58611K [0x0000000740000000, 0x0000000749680000, 0x0000000795580000)
  object space 154112K, 38% used [0x0000000740000000,0x000000074393cde0,0x0000000749680000)
 Metaspace       used 52804K, capacity 69706K, committed 70016K, reserved 1099776K
  class space    used 13997K, capacity 19717K, committed 19840K, reserved 1048576K
Event: 108.586 GC heap after
Heap after GC invocations=28 (full 4):
 PSYoungGen      total 625664K, used 6776K [0x0000000795580000, 0x00000007bf900000, 0x00000007c0000000)
  eden space 569856K, 0% used [0x0000000795580000,0x0000000795580000,0x00000007b8200000)
  from space 55808K, 12% used [0x00000007bc280000,0x00000007bc91e2f8,0x00000007bf900000)
  to   space 60928K, 0% used [0x00000007b8200000,0x00000007b8200000,0x00000007bbd80000)
 ParOldGen       total 154112K, used 58619K [0x0000000740000000, 0x0000000749680000, 0x0000000795580000)
  object space 154112K, 38% used [0x0000000740000000,0x000000074393ede0,0x0000000749680000)
 Metaspace       used 52804K, capacity 69706K, committed 70016K, reserved 1099776K
  class space    used 13997K, capacity 19717K, committed 19840K, reserved 1048576K
}

