# JRE version: Java(TM) SE Runtime Environment (8.0_144-b01) (build 1.8.0_144-b01)
# Java VM: Java HotSpot(TM) 64-Bit Server VM (25.144-b01 mixed mode bsd-amd64 compressed oops)
Heap:
 PSYoungGen      total 616448K, used 138239K [0x0000000795580000, 0x00000007c0000000, 0x00000007c0000000)
  eden space 544768K, 24% used [0x0000000795580000,0x000000079d687e98,0x00000007b6980000)
  from space 71680K, 8% used [0x00000007b6980000,0x00000007b6f78000,0x00000007baf80000)
  to   space 70144K, 0% used [0x00000007bbb80000,0x00000007bbb80000,0x00000007c0000000)
 ParOldGen       total 205312K, used 55302K [0x0000000740000000, 0x000000074c880000, 0x0000000795580000)
  object space 205312K, 26% used [0x0000000740000000,0x0000000743601810,0x000000074c880000)
 Metaspace       used 50905K, capacity 67747K, committed 67968K, reserved 1097728K
  class space    used 13450K, capacity 19033K, committed 19072K, reserved 1048576K
GC Heap History (10 events):
Event: 15.952 GC heap before
{Heap before GC invocations=15 (full 3):
 PSYoungGen      total 614912K, used 542085K [0x0000000795580000, 0x00000007c0000000, 0x00000007c0000000)
  eden space 530944K, 100% used [0x0000000795580000,0x00000007b5c00000,0x00000007b5c00000)
  from space 83968K, 13% used [0x00000007b5c00000,0x00000007b66e17b8,0x00000007bae00000)
  to   space 81408K, 0% used [0x00000007bb080000,0x00000007bb080000,0x00000007c0000000)
 ParOldGen       total 261632K, used 139459K [0x0000000740000000, 0x000000074ff80000, 0x0000000795580000)
  object space 261632K, 53% used [0x0000000740000000,0x0000000748830fc8,0x000000074ff80000)
 Metaspace       used 39740K, capacity 49337K, committed 49536K, reserved 1085440K
  class space    used 10039K, capacity 13410K, committed 13440K, reserved 1048576K
Event: 15.961 GC heap after
Heap after GC invocations=15 (full 3):
 PSYoungGen      total 607232K, used 11107K [0x0000000795580000, 0x00000007bf880000, 0x00000007c0000000)
  eden space 533504K, 0% used [0x0000000795580000,0x0000000795580000,0x00000007b5e80000)
  from space 73728K, 15% used [0x00000007bb080000,0x00000007bbb58e58,0x00000007bf880000)
  to   space 78848K, 0% used [0x00000007b5e80000,0x00000007b5e80000,0x00000007bab80000)
 ParOldGen       total 261632K, used 139467K [0x0000000740000000, 0x000000074ff80000, 0x0000000795580000)
  object space 261632K, 53% used [0x0000000740000000,0x0000000748832fc8,0x000000074ff80000)
 Metaspace       used 39740K, capacity 49337K, committed 49536K, reserved 1085440K
  class space    used 10039K, capacity 13410K, committed 13440K, reserved 1048576K
}
Event: 17.244 GC heap before
{Heap before GC invocations=16 (full 3):
 PSYoungGen      total 607232K, used 544611K [0x0000000795580000, 0x00000007bf880000, 0x00000007c0000000)
  eden space 533504K, 100% used [0x0000000795580000,0x00000007b5e80000,0x00000007b5e80000)
  from space 73728K, 15% used [0x00000007bb080000,0x00000007bbb58e58,0x00000007bf880000)
  to   space 78848K, 0% used [0x00000007b5e80000,0x00000007b5e80000,0x00000007bab80000)
 ParOldGen       total 261632K, used 139467K [0x0000000740000000, 0x000000074ff80000, 0x0000000795580000)
  object space 261632K, 53% used [0x0000000740000000,0x0000000748832fc8,0x000000074ff80000)
 Metaspace       used 43088K, capacity 54611K, committed 54656K, reserved 1089536K
  class space    used 11052K, capacity 14956K, committed 14976K, reserved 1048576K
Event: 17.257 GC heap after
Heap after GC invocations=16 (full 3):
 PSYoungGen      total 612352K, used 17394K [0x0000000795580000, 0x00000007bfe00000, 0x00000007c0000000)
  eden space 533504K, 0% used [0x0000000795580000,0x0000000795580000,0x00000007b5e80000)
  from space 78848K, 22% used [0x00000007b5e80000,0x00000007b6f7c9a8,0x00000007bab80000)
  to   space 75264K, 0% used [0x00000007bb480000,0x00000007bb480000,0x00000007bfe00000)
 ParOldGen       total 261632K, used 139475K [0x0000000740000000, 0x000000074ff80000, 0x0000000795580000)
  object space 261632K, 53% used [0x0000000740000000,0x0000000748834fc8,0x000000074ff80000)
 Metaspace       used 43088K, capacity 54611K, committed 54656K, reserved 1089536K
  class space    used 11052K, capacity 14956K, committed 14976K, reserved 1048576K
}
Event: 17.326 GC heap before
{Heap before GC invocations=17 (full 3):
 PSYoungGen      total 612352K, used 36475K [0x0000000795580000, 0x00000007bfe00000, 0x00000007c0000000)
  eden space 533504K, 3% used [0x0000000795580000,0x0000000796822438,0x00000007b5e80000)
  from space 78848K, 22% used [0x00000007b5e80000,0x00000007b6f7c9a8,0x00000007bab80000)
  to   space 75264K, 0% used [0x00000007bb480000,0x00000007bb480000,0x00000007bfe00000)
 ParOldGen       total 261632K, used 139475K [0x0000000740000000, 0x000000074ff80000, 0x0000000795580000)
  object space 261632K, 53% used [0x0000000740000000,0x0000000748834fc8,0x000000074ff80000)
 Metaspace       used 43366K, capacity 55039K, committed 55040K, reserved 1089536K
  class space    used 11156K, capacity 15104K, committed 15104K, reserved 1048576K
Event: 17.337 GC heap after
Heap after GC invocations=17 (full 3):
 PSYoungGen      total 611328K, used 17424K [0x0000000795580000, 0x00000007bf580000, 0x00000007c0000000)
  eden space 544768K, 0% used [0x0000000795580000,0x0000000795580000,0x00000007b6980000)
  from space 66560K, 26% used [0x00000007bb480000,0x00000007bc584020,0x00000007bf580000)
  to   space 71680K, 0% used [0x00000007b6980000,0x00000007b6980000,0x00000007baf80000)
 ParOldGen       total 261632K, used 139483K [0x0000000740000000, 0x000000074ff80000, 0x0000000795580000)
  object space 261632K, 53% used [0x0000000740000000,0x0000000748836fc8,0x000000074ff80000)
 Metaspace       used 43366K, capacity 55039K, committed 55040K, reserved 1089536K
  class space    used 11156K, capacity 15104K, committed 15104K, reserved 1048576K
}
Event: 17.337 GC heap before
{Heap before GC invocations=18 (full 4):
 PSYoungGen      total 611328K, used 17424K [0x0000000795580000, 0x00000007bf580000, 0x00000007c0000000)
  eden space 544768K, 0% used [0x0000000795580000,0x0000000795580000,0x00000007b6980000)
  from space 66560K, 26% used [0x00000007bb480000,0x00000007bc584020,0x00000007bf580000)
  to   space 71680K, 0% used [0x00000007b6980000,0x00000007b6980000,0x00000007baf80000)
 ParOldGen       total 261632K, used 139483K [0x0000000740000000, 0x000000074ff80000, 0x0000000795580000)
  object space 261632K, 53% used [0x0000000740000000,0x0000000748836fc8,0x000000074ff80000)
 Metaspace       used 43366K, capacity 55039K, committed 55040K, reserved 1089536K
  class space    used 11156K, capacity 15104K, committed 15104K, reserved 1048576K
Event: 17.441 GC heap after
Heap after GC invocations=18 (full 4):
 PSYoungGen      total 611328K, used 0K [0x0000000795580000, 0x00000007bf580000, 0x00000007c0000000)
  eden space 544768K, 0% used [0x0000000795580000,0x0000000795580000,0x00000007b6980000)
  from space 66560K, 0% used [0x00000007bb480000,0x00000007bb480000,0x00000007bf580000)
  to   space 71680K, 0% used [0x00000007b6980000,0x00000007b6980000,0x00000007baf80000)
 ParOldGen       total 205312K, used 55294K [0x0000000740000000, 0x000000074c880000, 0x0000000795580000)
  object space 205312K, 26% used [0x0000000740000000,0x00000007435ff810,0x000000074c880000)
 Metaspace       used 43366K, capacity 55039K, committed 55040K, reserved 1089536K
  class space    used 11156K, capacity 15104K, committed 15104K, reserved 1048576K
}
Event: 20.144 GC heap before
{Heap before GC invocations=19 (full 4):
 PSYoungGen      total 611328K, used 544768K [0x0000000795580000, 0x00000007bf580000, 0x00000007c0000000)
  eden space 544768K, 100% used [0x0000000795580000,0x00000007b6980000,0x00000007b6980000)
  from space 66560K, 0% used [0x00000007bb480000,0x00000007bb480000,0x00000007bf580000)
  to   space 71680K, 0% used [0x00000007b6980000,0x00000007b6980000,0x00000007baf80000)
 ParOldGen       total 205312K, used 55294K [0x0000000740000000, 0x000000074c880000, 0x0000000795580000)
  object space 205312K, 26% used [0x0000000740000000,0x00000007435ff810,0x000000074c880000)
 Metaspace       used 49066K, capacity 64943K, committed 65280K, reserved 1095680K
  class space    used 12818K, capacity 18058K, committed 18176K, reserved 1048576K
Event: 20.150 GC heap after
Heap after GC invocations=19 (full 4):
 PSYoungGen      total 616448K, used 6112K [0x0000000795580000, 0x00000007c0000000, 0x00000007c0000000)
  eden space 544768K, 0% used [0x0000000795580000,0x0000000795580000,0x00000007b6980000)
  from space 71680K, 8% used [0x00000007b6980000,0x00000007b6f78000,0x00000007baf80000)
  to   space 70144K, 0% used [0x00000007bbb80000,0x00000007bbb80000,0x00000007c0000000)
 ParOldGen       total 205312K, used 55302K [0x0000000740000000, 0x000000074c880000, 0x0000000795580000)
  object space 205312K, 26% used [0x0000000740000000,0x0000000743601810,0x000000074c880000)
 Metaspace       used 49066K, capacity 64943K, committed 65280K, reserved 1095680K
  class space    used 12818K, capacity 18058K, committed 18176K, reserved 1048576K
}

