# JRE version: Java(TM) SE Runtime Environment (8.0_144-b01) (build 1.8.0_144-b01)
# Java VM: Java HotSpot(TM) 64-Bit Server VM (25.144-b01 mixed mode bsd-amd64 compressed oops)
Heap:
 PSYoungGen      total 616448K, used 137035K [0x0000000795580000, 0x00000007c0000000, 0x00000007c0000000)
  eden space 544768K, 23% used [0x0000000795580000,0x000000079d52cb30,0x00000007b6980000)
  from space 71680K, 8% used [0x00000007b6980000,0x00000007b6fa6308,0x00000007baf80000)
  to   space 70656K, 0% used [0x00000007bbb00000,0x00000007bbb00000,0x00000007c0000000)
 ParOldGen       total 215552K, used 55534K [0x0000000740000000, 0x000000074d280000, 0x0000000795580000)
  object space 215552K, 25% used [0x0000000740000000,0x000000074363b938,0x000000074d280000)
 Metaspace       used 51001K, capacity 67775K, committed 67968K, reserved 1097728K
  class space    used 13456K, capacity 19033K, committed 19072K, reserved 1048576K
GC Heap History (10 events):
Event: 42.331 GC heap before
{Heap before GC invocations=15 (full 3):
 PSYoungGen      total 609792K, used 544544K [0x0000000795580000, 0x00000007c0000000, 0x00000007c0000000)
  eden space 525312K, 100% used [0x0000000795580000,0x00000007b5680000,0x00000007b5680000)
  from space 84480K, 22% used [0x00000007b5680000,0x00000007b69482f8,0x00000007ba900000)
  to   space 80896K, 0% used [0x00000007bb100000,0x00000007bb100000,0x00000007c0000000)
 ParOldGen       total 256512K, used 135622K [0x0000000740000000, 0x000000074fa80000, 0x0000000795580000)
  object space 256512K, 52% used [0x0000000740000000,0x0000000748471908,0x000000074fa80000)
 Metaspace       used 39828K, capacity 49429K, committed 49536K, reserved 1085440K
  class space    used 10048K, capacity 13410K, committed 13440K, reserved 1048576K
Event: 42.340 GC heap after
Heap after GC invocations=15 (full 3):
 PSYoungGen      total 606720K, used 11831K [0x0000000795580000, 0x00000007bf880000, 0x00000007c0000000)
  eden space 533504K, 0% used [0x0000000795580000,0x0000000795580000,0x00000007b5e80000)
  from space 73216K, 16% used [0x00000007bb100000,0x00000007bbc8dfb8,0x00000007bf880000)
  to   space 78848K, 0% used [0x00000007b5e80000,0x00000007b5e80000,0x00000007bab80000)
 ParOldGen       total 256512K, used 135630K [0x0000000740000000, 0x000000074fa80000, 0x0000000795580000)
  object space 256512K, 52% used [0x0000000740000000,0x0000000748473908,0x000000074fa80000)
 Metaspace       used 39828K, capacity 49429K, committed 49536K, reserved 1085440K
  class space    used 10048K, capacity 13410K, committed 13440K, reserved 1048576K
}
Event: 43.377 GC heap before
{Heap before GC invocations=16 (full 3):
 PSYoungGen      total 606720K, used 545335K [0x0000000795580000, 0x00000007bf880000, 0x00000007c0000000)
  eden space 533504K, 100% used [0x0000000795580000,0x00000007b5e80000,0x00000007b5e80000)
  from space 73216K, 16% used [0x00000007bb100000,0x00000007bbc8dfb8,0x00000007bf880000)
  to   space 78848K, 0% used [0x00000007b5e80000,0x00000007b5e80000,0x00000007bab80000)
 ParOldGen       total 256512K, used 135630K [0x0000000740000000, 0x000000074fa80000, 0x0000000795580000)
  object space 256512K, 52% used [0x0000000740000000,0x0000000748473908,0x000000074fa80000)
 Metaspace       used 42397K, capacity 53595K, committed 53632K, reserved 1087488K
  class space    used 10861K, capacity 14688K, committed 14720K, reserved 1048576K
Event: 43.389 GC heap after
Heap after GC invocations=16 (full 3):
 PSYoungGen      total 612352K, used 17686K [0x0000000795580000, 0x00000007bfe80000, 0x00000007c0000000)
  eden space 533504K, 0% used [0x0000000795580000,0x0000000795580000,0x00000007b5e80000)
  from space 78848K, 22% used [0x00000007b5e80000,0x00000007b6fc5b70,0x00000007bab80000)
  to   space 75264K, 0% used [0x00000007bb500000,0x00000007bb500000,0x00000007bfe80000)
 ParOldGen       total 256512K, used 135638K [0x0000000740000000, 0x000000074fa80000, 0x0000000795580000)
  object space 256512K, 52% used [0x0000000740000000,0x0000000748475908,0x000000074fa80000)
 Metaspace       used 42397K, capacity 53595K, committed 53632K, reserved 1087488K
  class space    used 10861K, capacity 14688K, committed 14720K, reserved 1048576K
}
Event: 43.733 GC heap before
{Heap before GC invocations=17 (full 3):
 PSYoungGen      total 612352K, used 134178K [0x0000000795580000, 0x00000007bfe80000, 0x00000007c0000000)
  eden space 533504K, 21% used [0x0000000795580000,0x000000079c742d60,0x00000007b5e80000)
  from space 78848K, 22% used [0x00000007b5e80000,0x00000007b6fc5b70,0x00000007bab80000)
  to   space 75264K, 0% used [0x00000007bb500000,0x00000007bb500000,0x00000007bfe80000)
 ParOldGen       total 256512K, used 135638K [0x0000000740000000, 0x000000074fa80000, 0x0000000795580000)
  object space 256512K, 52% used [0x0000000740000000,0x0000000748475908,0x000000074fa80000)
 Metaspace       used 43360K, capacity 54987K, committed 55040K, reserved 1089536K
  class space    used 11127K, capacity 15052K, committed 15104K, reserved 1048576K
Event: 43.745 GC heap after
Heap after GC invocations=17 (full 3):
 PSYoungGen      total 610816K, used 18176K [0x0000000795580000, 0x00000007bf580000, 0x00000007c0000000)
  eden space 544768K, 0% used [0x0000000795580000,0x0000000795580000,0x00000007b6980000)
  from space 66048K, 27% used [0x00000007bb500000,0x00000007bc6c0030,0x00000007bf580000)
  to   space 71680K, 0% used [0x00000007b6980000,0x00000007b6980000,0x00000007baf80000)
 ParOldGen       total 256512K, used 135646K [0x0000000740000000, 0x000000074fa80000, 0x0000000795580000)
  object space 256512K, 52% used [0x0000000740000000,0x0000000748477908,0x000000074fa80000)
 Metaspace       used 43360K, capacity 54987K, committed 55040K, reserved 1089536K
  class space    used 11127K, capacity 15052K, committed 15104K, reserved 1048576K
}
Event: 43.745 GC heap before
{Heap before GC invocations=18 (full 4):
 PSYoungGen      total 610816K, used 18176K [0x0000000795580000, 0x00000007bf580000, 0x00000007c0000000)
  eden space 544768K, 0% used [0x0000000795580000,0x0000000795580000,0x00000007b6980000)
  from space 66048K, 27% used [0x00000007bb500000,0x00000007bc6c0030,0x00000007bf580000)
  to   space 71680K, 0% used [0x00000007b6980000,0x00000007b6980000,0x00000007baf80000)
 ParOldGen       total 256512K, used 135646K [0x0000000740000000, 0x000000074fa80000, 0x0000000795580000)
  object space 256512K, 52% used [0x0000000740000000,0x0000000748477908,0x000000074fa80000)
 Metaspace       used 43360K, capacity 54987K, committed 55040K, reserved 1089536K
  class space    used 11127K, capacity 15052K, committed 15104K, reserved 1048576K
Event: 43.845 GC heap after
Heap after GC invocations=18 (full 4):
 PSYoungGen      total 610816K, used 0K [0x0000000795580000, 0x00000007bf580000, 0x00000007c0000000)
  eden space 544768K, 0% used [0x0000000795580000,0x0000000795580000,0x00000007b6980000)
  from space 66048K, 0% used [0x00000007bb500000,0x00000007bb500000,0x00000007bf580000)
  to   space 71680K, 0% used [0x00000007b6980000,0x00000007b6980000,0x00000007baf80000)
 ParOldGen       total 215552K, used 55526K [0x0000000740000000, 0x000000074d280000, 0x0000000795580000)
  object space 215552K, 25% used [0x0000000740000000,0x0000000743639938,0x000000074d280000)
 Metaspace       used 43360K, capacity 54987K, committed 55040K, reserved 1089536K
  class space    used 11127K, capacity 15052K, committed 15104K, reserved 1048576K
}
Event: 46.363 GC heap before
{Heap before GC invocations=19 (full 4):
 PSYoungGen      total 610816K, used 544768K [0x0000000795580000, 0x00000007bf580000, 0x00000007c0000000)
  eden space 544768K, 100% used [0x0000000795580000,0x00000007b6980000,0x00000007b6980000)
  from space 66048K, 0% used [0x00000007bb500000,0x00000007bb500000,0x00000007bf580000)
  to   space 71680K, 0% used [0x00000007b6980000,0x00000007b6980000,0x00000007baf80000)
 ParOldGen       total 215552K, used 55526K [0x0000000740000000, 0x000000074d280000, 0x0000000795580000)
  object space 215552K, 25% used [0x0000000740000000,0x0000000743639938,0x000000074d280000)
 Metaspace       used 49162K, capacity 65131K, committed 65280K, reserved 1095680K
  class space    used 12825K, capacity 18090K, committed 18176K, reserved 1048576K
Event: 46.370 GC heap after
Heap after GC invocations=19 (full 4):
 PSYoungGen      total 616448K, used 6296K [0x0000000795580000, 0x00000007c0000000, 0x00000007c0000000)
  eden space 544768K, 0% used [0x0000000795580000,0x0000000795580000,0x00000007b6980000)
  from space 71680K, 8% used [0x00000007b6980000,0x00000007b6fa6308,0x00000007baf80000)
  to   space 70656K, 0% used [0x00000007bbb00000,0x00000007bbb00000,0x00000007c0000000)
 ParOldGen       total 215552K, used 55534K [0x0000000740000000, 0x000000074d280000, 0x0000000795580000)
  object space 215552K, 25% used [0x0000000740000000,0x000000074363b938,0x000000074d280000)
 Metaspace       used 49162K, capacity 65131K, committed 65280K, reserved 1095680K
  class space    used 12825K, capacity 18090K, committed 18176K, reserved 1048576K
}

