# JRE version: Java(TM) SE Runtime Environment (8.0_144-b01) (build 1.8.0_144-b01)
# Java VM: Java HotSpot(TM) 64-Bit Server VM (25.144-b01 mixed mode bsd-amd64 compressed oops)
Heap:
 PSYoungGen      total 619008K, used 51782K [0x0000000795580000, 0x00000007bf900000, 0x00000007c0000000)
  eden space 553472K, 8% used [0x0000000795580000,0x00000007981f6f28,0x00000007b7200000)
  from space 65536K, 9% used [0x00000007bb900000,0x00000007bbf1aa80,0x00000007bf900000)
  to   space 69120K, 0% used [0x00000007b7200000,0x00000007b7200000,0x00000007bb580000)
 ParOldGen       total 144896K, used 58896K [0x0000000740000000, 0x0000000748d80000, 0x0000000795580000)
  object space 144896K, 40% used [0x0000000740000000,0x0000000743984130,0x0000000748d80000)
 Metaspace       used 52923K, capacity 69884K, committed 70016K, reserved 1099776K
  class space    used 14012K, capacity 19751K, committed 19840K, reserved 1048576K
GC Heap History (10 events):
Event: 65.801 GC heap before
{Heap before GC invocations=19 (full 2):
 PSYoungGen      total 583680K, used 539315K [0x0000000795580000, 0x00000007beb80000, 0x00000007c0000000)
  eden space 524288K, 100% used [0x0000000795580000,0x00000007b5580000,0x00000007b5580000)
  from space 59392K, 25% used [0x00000007bb180000,0x00000007bc02ceb8,0x00000007beb80000)
  to   space 76800K, 0% used [0x00000007b5580000,0x00000007b5580000,0x00000007ba080000)
 ParOldGen       total 160768K, used 126305K [0x0000000740000000, 0x0000000749d00000, 0x0000000795580000)
  object space 160768K, 78% used [0x0000000740000000,0x0000000747b585c8,0x0000000749d00000)
 Metaspace       used 41714K, capacity 51570K, committed 51840K, reserved 1087488K
  class space    used 10598K, capacity 14096K, committed 14208K, reserved 1048576K
Event: 65.812 GC heap after
Heap after GC invocations=19 (full 2):
 PSYoungGen      total 601088K, used 6595K [0x0000000795580000, 0x00000007c0000000, 0x00000007c0000000)
  eden space 524288K, 0% used [0x0000000795580000,0x0000000795580000,0x00000007b5580000)
  from space 76800K, 8% used [0x00000007b5580000,0x00000007b5bf0e38,0x00000007ba080000)
  to   space 75264K, 0% used [0x00000007bb680000,0x00000007bb680000,0x00000007c0000000)
 ParOldGen       total 160768K, used 131964K [0x0000000740000000, 0x0000000749d00000, 0x0000000795580000)
  object space 160768K, 82% used [0x0000000740000000,0x00000007480df140,0x0000000749d00000)
 Metaspace       used 41714K, capacity 51570K, committed 51840K, reserved 1087488K
  class space    used 10598K, capacity 14096K, committed 14208K, reserved 1048576K
}
Event: 66.430 GC heap before
{Heap before GC invocations=20 (full 2):
 PSYoungGen      total 601088K, used 530883K [0x0000000795580000, 0x00000007c0000000, 0x00000007c0000000)
  eden space 524288K, 100% used [0x0000000795580000,0x00000007b5580000,0x00000007b5580000)
  from space 76800K, 8% used [0x00000007b5580000,0x00000007b5bf0e38,0x00000007ba080000)
  to   space 75264K, 0% used [0x00000007bb680000,0x00000007bb680000,0x00000007c0000000)
 ParOldGen       total 160768K, used 131964K [0x0000000740000000, 0x0000000749d00000, 0x0000000795580000)
  object space 160768K, 82% used [0x0000000740000000,0x00000007480df140,0x0000000749d00000)
 Metaspace       used 42194K, capacity 52444K, committed 52608K, reserved 1087488K
  class space    used 10764K, capacity 14362K, committed 14464K, reserved 1048576K
Event: 66.437 GC heap after
Heap after GC invocations=20 (full 2):
 PSYoungGen      total 617472K, used 3584K [0x0000000795580000, 0x00000007bfb80000, 0x00000007c0000000)
  eden space 546816K, 0% used [0x0000000795580000,0x0000000795580000,0x00000007b6b80000)
  from space 70656K, 5% used [0x00000007bb680000,0x00000007bba00020,0x00000007bfb80000)
  to   space 73728K, 0% used [0x00000007b6b80000,0x00000007b6b80000,0x00000007bb380000)
 ParOldGen       total 160768K, used 137559K [0x0000000740000000, 0x0000000749d00000, 0x0000000795580000)
  object space 160768K, 85% used [0x0000000740000000,0x0000000748655cc8,0x0000000749d00000)
 Metaspace       used 42194K, capacity 52444K, committed 52608K, reserved 1087488K
  class space    used 10764K, capacity 14362K, committed 14464K, reserved 1048576K
}
Event: 66.437 GC heap before
{Heap before GC invocations=21 (full 3):
 PSYoungGen      total 617472K, used 3584K [0x0000000795580000, 0x00000007bfb80000, 0x00000007c0000000)
  eden space 546816K, 0% used [0x0000000795580000,0x0000000795580000,0x00000007b6b80000)
  from space 70656K, 5% used [0x00000007bb680000,0x00000007bba00020,0x00000007bfb80000)
  to   space 73728K, 0% used [0x00000007b6b80000,0x00000007b6b80000,0x00000007bb380000)
 ParOldGen       total 160768K, used 137559K [0x0000000740000000, 0x0000000749d00000, 0x0000000795580000)
  object space 160768K, 85% used [0x0000000740000000,0x0000000748655cc8,0x0000000749d00000)
 Metaspace       used 42194K, capacity 52444K, committed 52608K, reserved 1087488K
  class space    used 10764K, capacity 14362K, committed 14464K, reserved 1048576K
Event: 66.729 GC heap after
Heap after GC invocations=21 (full 3):
 PSYoungGen      total 617472K, used 0K [0x0000000795580000, 0x00000007bfb80000, 0x00000007c0000000)
  eden space 546816K, 0% used [0x0000000795580000,0x0000000795580000,0x00000007b6b80000)
  from space 70656K, 0% used [0x00000007bb680000,0x00000007bb680000,0x00000007bfb80000)
  to   space 73728K, 0% used [0x00000007b6b80000,0x00000007b6b80000,0x00000007bb380000)
 ParOldGen       total 144896K, used 53139K [0x0000000740000000, 0x0000000748d80000, 0x0000000795580000)
  object space 144896K, 36% used [0x0000000740000000,0x00000007433e4c60,0x0000000748d80000)
 Metaspace       used 42194K, capacity 52444K, committed 52608K, reserved 1087488K
  class space    used 10764K, capacity 14362K, committed 14464K, reserved 1048576K
}
Event: 68.346 GC heap before
{Heap before GC invocations=22 (full 3):
 PSYoungGen      total 617472K, used 546816K [0x0000000795580000, 0x00000007bfb80000, 0x00000007c0000000)
  eden space 546816K, 100% used [0x0000000795580000,0x00000007b6b80000,0x00000007b6b80000)
  from space 70656K, 0% used [0x00000007bb680000,0x00000007bb680000,0x00000007bfb80000)
  to   space 73728K, 0% used [0x00000007b6b80000,0x00000007b6b80000,0x00000007bb380000)
 ParOldGen       total 144896K, used 53139K [0x0000000740000000, 0x0000000748d80000, 0x0000000795580000)
  object space 144896K, 36% used [0x0000000740000000,0x00000007433e4c60,0x0000000748d80000)
 Metaspace       used 46279K, capacity 58628K, committed 58752K, reserved 1091584K
  class space    used 11977K, capacity 16218K, committed 16256K, reserved 1048576K
Event: 68.352 GC heap after
Heap after GC invocations=22 (full 3):
 PSYoungGen      total 620544K, used 6192K [0x0000000795580000, 0x00000007bff00000, 0x00000007c0000000)
  eden space 546816K, 0% used [0x0000000795580000,0x0000000795580000,0x00000007b6b80000)
  from space 73728K, 8% used [0x00000007b6b80000,0x00000007b718c010,0x00000007bb380000)
  to   space 71680K, 0% used [0x00000007bb900000,0x00000007bb900000,0x00000007bff00000)
 ParOldGen       total 144896K, used 53147K [0x0000000740000000, 0x0000000748d80000, 0x0000000795580000)
  object space 144896K, 36% used [0x0000000740000000,0x00000007433e6c60,0x0000000748d80000)
 Metaspace       used 46279K, capacity 58628K, committed 58752K, reserved 1091584K
  class space    used 11977K, capacity 16218K, committed 16256K, reserved 1048576K
}
Event: 72.427 GC heap before
{Heap before GC invocations=23 (full 3):
 PSYoungGen      total 620544K, used 553008K [0x0000000795580000, 0x00000007bff00000, 0x00000007c0000000)
  eden space 546816K, 100% used [0x0000000795580000,0x00000007b6b80000,0x00000007b6b80000)
  from space 73728K, 8% used [0x00000007b6b80000,0x00000007b718c010,0x00000007bb380000)
  to   space 71680K, 0% used [0x00000007bb900000,0x00000007bb900000,0x00000007bff00000)
 ParOldGen       total 144896K, used 53147K [0x0000000740000000, 0x0000000748d80000, 0x0000000795580000)
  object space 144896K, 36% used [0x0000000740000000,0x00000007433e6c60,0x0000000748d80000)
 Metaspace       used 52826K, capacity 69740K, committed 69888K, reserved 1099776K
  class space    used 13997K, capacity 19708K, committed 19712K, reserved 1048576K
Event: 72.436 GC heap after
Heap after GC invocations=23 (full 3):
 PSYoungGen      total 619008K, used 6250K [0x0000000795580000, 0x00000007bf900000, 0x00000007c0000000)
  eden space 553472K, 0% used [0x0000000795580000,0x0000000795580000,0x00000007b7200000)
  from space 65536K, 9% used [0x00000007bb900000,0x00000007bbf1aa80,0x00000007bf900000)
  to   space 69120K, 0% used [0x00000007b7200000,0x00000007b7200000,0x00000007bb580000)
 ParOldGen       total 144896K, used 58896K [0x0000000740000000, 0x0000000748d80000, 0x0000000795580000)
  object space 144896K, 40% used [0x0000000740000000,0x0000000743984130,0x0000000748d80000)
 Metaspace       used 52826K, capacity 69740K, committed 69888K, reserved 1099776K
  class space    used 13997K, capacity 19708K, committed 19712K, reserved 1048576K
}

